Name                            Stmts   Miss Branch BrPart  Cover   Missing
---------------------------------------------------------------------------
core\__init__.py                    0      0      0      0   100%
core\bo2023_metadata.py            39      2     12      3    90%   50, 71->70, 90
core\bo2023_region_tracing.py     406    110    124     38    70%   109, 112, 119, 122, 137, 144, 146-148, 154, 157, 159, 162, 168, 170, 191, 193, 199, 202, 205, 210, 212, 221-250, 258, 271-280, 286-287, 296, 319, 337-338, 340->333, 343, 363-364, 381-410, 416, 419-420, 427-428, 436-437, 454, 458-463, 470, 480-483, 485, 488-489, 510->514, 518-520, 543, 632, 651
core\bootstrap.py                  18     13      2      0    25%   9-21
core\cli.py                        93     15     16      2    77%   25-26, 30-34, 73-79, 158
core\gene_utils.py                 37     17     14      3    45%   17-22, 25-28, 33, 39, 42, 45-48
core\inference.py                  30      4      8      3    82%   37, 39, 60-61
core\lomo_f1.py                   110     23     38     16    72%   35-39, 45->43, 47, 66, 73, 76, 103, 108, 110, 112, 118, 128, 130, 135, 152, 187, 189, 230, 246-247
core\methods.py                    32     14      6      0    47%   74-78, 82-85, 89-93
core\model_lock.py                 57      8     22      6    82%   64-65, 67, 69, 74, 80, 83, 98
core\models.py                     51     11     10      2    69%   12-19, 46-48
core\network_tracing.py           126      5     36      8    92%   39->41, 57, 60-61, 69, 122->104, 143, 152->156, 158->160, 228->230
core\params.py                     13      0      0      0   100%
core\production_route.py           13      0      0      0   100%
core\query_input.py                56      7     22      7    82%   25->30, 31, 43, 49, 55-56, 77, 81
core\reference_loader.py          102     65     32      4    31%   34, 55-67, 71, 80, 92, 93->98, 118-178, 187-224
core\reference_projection.py      141     99     14      0    27%   28-34, 38-39, 47-62, 66-71, 75-86, 90-94, 98-100, 115-200, 212-213, 246-257, 274-275, 280-289
core\region_resolution.py          80      5     26      2    93%   38, 109-112
core\tracing_engine.py              2      2      0      0     0%   1-3
---------------------------------------------------------------------------
TOTAL                            1406    400    382     94    68%
